<?xml version="1.0" encoding="UTF-8"?>
<testsuite xmlns:xsi="http://www.w3.org/2001/XMLSchema-instance" xsi:noNamespaceSchemaLocation="https://maven.apache.org/surefire/maven-surefire-plugin/xsd/surefire-test-report.xsd" name="hn.uth.TareaPrimerParcialVilma.AppTest" time="0.005" tests="11" errors="0" skipped="0" failures="0">
  <properties>
    <property name="java.specification.version" value="17"/>
    <property name="sun.cpu.isalist" value="amd64"/>
    <property name="sun.jnu.encoding" value="Cp1252"/>
    <property name="java.class.path" value="C:\Users\Stephanie\eclipse-workspace\TareaPrimerParcialVilma\target\test-classes;C:\Users\Stephanie\eclipse-workspace\TareaPrimerParcialVilma\target\classes;C:\Users\Stephanie\.m2\repository\junit\junit\3.8.1\junit-3.8.1.jar;"/>
    <property name="java.vm.vendor" value="Oracle Corporation"/>
    <property name="sun.arch.data.model" value="64"/>
    <property name="user.variant" value=""/>
    <property name="java.vendor.url" value="https://java.oracle.com/"/>
    <property name="user.timezone" value="America/Tegucigalpa"/>
    <property name="os.name" value="Windows 10"/>
    <property name="java.vm.specification.version" value="17"/>
    <property name="sun.java.launcher" value="SUN_STANDARD"/>
    <property name="user.country" value="ES"/>
    <property name="sun.boot.library.path" value="C:\Program Files\Java\jdk-17\bin"/>
    <property name="sun.java.command" value="C:\Users\STEPHA~1\AppData\Local\Temp\surefire6784337328061479008\surefirebooter16052417048357103165.jar C:\Users\Stephanie\AppData\Local\Temp\surefire6784337328061479008 2023-06-15T23-08-08_392-jvmRun1 surefire8943663151302832480tmp surefire_03906681967108086958tmp"/>
    <property name="jdk.debug" value="release"/>
    <property name="surefire.test.class.path" value="C:\Users\Stephanie\eclipse-workspace\TareaPrimerParcialVilma\target\test-classes;C:\Users\Stephanie\eclipse-workspace\TareaPrimerParcialVilma\target\classes;C:\Users\Stephanie\.m2\repository\junit\junit\3.8.1\junit-3.8.1.jar;"/>
    <property name="sun.cpu.endian" value="little"/>
    <property name="user.home" value="C:\Users\Stephanie"/>
    <property name="user.language" value="es"/>
    <property name="java.specification.vendor" value="Oracle Corporation"/>
    <property name="java.version.date" value="2023-04-18"/>
    <property name="java.home" value="C:\Program Files\Java\jdk-17"/>
    <property name="file.separator" value="\"/>
    <property name="style.color" value="always"/>
    <property name="basedir" value="C:\Users\Stephanie\eclipse-workspace\TareaPrimerParcialVilma"/>
    <property name="java.vm.compressedOopsMode" value="32-bit"/>
    <property name="line.separator" value="&#10;"/>
    <property name="java.vm.specification.vendor" value="Oracle Corporation"/>
    <property name="java.specification.name" value="Java Platform API Specification"/>
    <property name="surefire.real.class.path" value="C:\Users\STEPHA~1\AppData\Local\Temp\surefire6784337328061479008\surefirebooter16052417048357103165.jar"/>
    <property name="user.script" value=""/>
    <property name="sun.management.compiler" value="HotSpot 64-Bit Tiered Compilers"/>
    <property name="java.runtime.version" value="17.0.7+8-LTS-224"/>
    <property name="user.name" value="Stephanie"/>
    <property name="path.separator" value=";"/>
    <property name="os.version" value="10.0"/>
    <property name="java.runtime.name" value="Java(TM) SE Runtime Environment"/>
    <property name="file.encoding" value="Cp1252"/>
    <property name="java.vm.name" value="Java HotSpot(TM) 64-Bit Server VM"/>
    <property name="localRepository" value="C:\Users\Stephanie\.m2\repository"/>
    <property name="java.vendor.url.bug" value="https://bugreport.java.com/bugreport/"/>
    <property name="java.io.tmpdir" value="C:\Users\STEPHA~1\AppData\Local\Temp\"/>
    <property name="java.version" value="17.0.7"/>
    <property name="user.dir" value="C:\Users\Stephanie\eclipse-workspace\TareaPrimerParcialVilma"/>
    <property name="os.arch" value="amd64"/>
    <property name="java.vm.specification.name" value="Java Virtual Machine Specification"/>
    <property name="sun.os.patch.level" value=""/>
    <property name="native.encoding" value="Cp1252"/>
    <property name="java.library.path" value="C:\Program Files\Java\jdk-17\bin;C:\Windows\Sun\Java\bin;C:\Windows\system32;C:\Windows;C:\Program Files\Common Files\Oracle\Java\javapath;C:\Program Files (x86)\VMware\VMware Workstation\bin\;C:\ProgramData\Oracle\Java\javapath;C:\Windows\system32;C:\Windows;C:\Windows\System32\Wbem;C:\Windows\System32\WindowsPowerShell\v1.0\;C:\Windows\System32\OpenSSH\;C:\Program Files (x86)\Microsoft SQL Server\160\Tools\Binn\;C:\Program Files\Microsoft SQL Server\160\Tools\Binn\;C:\Program Files\Microsoft SQL Server\Client SDK\ODBC\170\Tools\Binn\;C:\Program Files\Microsoft SQL Server\160\DTS\Binn\;C:\Program Files (x86)\Microsoft SQL Server\160\DTS\Binn\;C:\Program Files\Azure Data Studio\bin;C:\Maven\bin;C:\Program Files\Git\cmd;C:\Users\Stephanie\AppData\Local\Streamlink\bin;C:\Users\Stephanie\AppData\Local\Microsoft\WindowsApps;C:\Users\Stephanie\AppData\Local\Programs\Microsoft VS Code\bin;C:\Program Files\Azure Data Studio\bin;C:\Program Files\Azure Data Studio\bin;C:\Users\Stephanie\AppData\Local\GitHubDesktop\bin;."/>
    <property name="java.vm.info" value="mixed mode, sharing"/>
    <property name="java.vendor" value="Oracle Corporation"/>
    <property name="java.vm.version" value="17.0.7+8-LTS-224"/>
    <property name="sun.io.unicode.encoding" value="UnicodeLittle"/>
    <property name="java.class.version" value="61.0"/>
  </properties>
  <testcase name="hn.uth.TareaPrimerParcialVilma.AppTest.testCalcular_CuadraDos" classname="hn.uth.TareaPrimerParcialVilma.AppTest" time="0"/>
  <testcase name="hn.uth.TareaPrimerParcialVilma.AppTest.testCalcular_CirculoTres" classname="hn.uth.TareaPrimerParcialVilma.AppTest" time="0"/>
  <testcase name="hn.uth.TareaPrimerParcialVilma.AppTest.testCalcular_RectanUno" classname="hn.uth.TareaPrimerParcialVilma.AppTest" time="0"/>
  <testcase name="hn.uth.TareaPrimerParcialVilma.AppTest.testCalcular_RectanDos" classname="hn.uth.TareaPrimerParcialVilma.AppTest" time="0"/>
  <testcase name="hn.uth.TareaPrimerParcialVilma.AppTest.testCalcular_TrianUno" classname="hn.uth.TareaPrimerParcialVilma.AppTest" time="0"/>
  <testcase name="hn.uth.TareaPrimerParcialVilma.AppTest.testCalcular_TrianDos" classname="hn.uth.TareaPrimerParcialVilma.AppTest" time="0"/>
  <testcase name="hn.uth.TareaPrimerParcialVilma.AppTest.testCalcular_CuadraTres" classname="hn.uth.TareaPrimerParcialVilma.AppTest" time="0"/>
  <testcase name="hn.uth.TareaPrimerParcialVilma.AppTest.testCalcular_CirculoDos" classname="hn.uth.TareaPrimerParcialVilma.AppTest" time="0"/>
  <testcase name="hn.uth.TareaPrimerParcialVilma.AppTest.testCalcular_TrianTres" classname="hn.uth.TareaPrimerParcialVilma.AppTest" time="0"/>
  <testcase name="hn.uth.TareaPrimerParcialVilma.AppTest.testCalcular_Area_CirculoUno" classname="hn.uth.TareaPrimerParcialVilma.AppTest" time="0"/>
  <testcase name="hn.uth.TareaPrimerParcialVilma.AppTest.testCalcular_CuadraUno" classname="hn.uth.TareaPrimerParcialVilma.AppTest" time="0"/>
</testsuite>